Arguments: 
  /usr/bin/node /usr/share/yarn/bin/yarn.js add @openzeppelin/contracts

PATH: 
  /home/sheng/.local/share/solana/install/active_release/bin:/home/sheng/.local/share/solana/install/active_release/bin:/home/sheng/.local/share/solana/install/active_release/bin:/root/.local/share/solana/install/active_release/bin:/home/sheng/.cargo/bin:/usr/local/sbin:/usr/local/bin:/usr/sbin:/usr/bin:/sbin:/bin:/usr/games:/usr/local/games:/snap/bin

Yarn version: 
  1.22.15

Node version: 
  16.13.0

Platform: 
  linux x64

Trace: 
  Error: getaddrinfo EAI_AGAIN registry.yarnpkg.com
      at GetAddrInfoReqWrap.onlookup [as oncomplete] (node:dns:71:26)

npm manifest: 
  {
    "name": "rinkeby",
    "version": "1.0.0",
    "description": "",
    "main": "truffle-config.js",
    "directories": {
      "test": "test"
    },
    "scripts": {
      "test": "echo \"Error: no test specified\" && exit 1"
    },
    "keywords": [],
    "author": "",
    "license": "ISC"
  }

yarn manifest: 
  No manifest

Lockfile: 
  No lockfile
